<?xml version="1.0" encoding="UTF-8"?>
<testng-results ignored="0" total="1" passed="1" failed="0" skipped="0">
  <reporter-output>
  </reporter-output>
  <suite started-at="2025-01-03T21:39:04 IST" name="Suite" finished-at="2025-01-03T21:42:19 IST" duration-ms="195550">
    <groups>
    </groups>
    <test started-at="2025-01-03T21:39:04 IST" name="Test" finished-at="2025-01-03T21:42:19 IST" duration-ms="195550">
      <class name="Sample_automation.Red_bus">
        <test-method signature="Bookingbus()[pri:0, instance:Sample_automation.Red_bus@2d1ef81a]" started-at="2025-01-03T21:39:04 IST" name="Bookingbus" finished-at="2025-01-03T21:42:19 IST" duration-ms="195455" status="PASS">
          <reporter-output>
          </reporter-output>
        </test-method> <!-- Bookingbus -->
      </class> <!-- Sample_automation.Red_bus -->
    </test> <!-- Test -->
  </suite> <!-- Suite -->
</testng-results>
