<?xml version="1.0" encoding="UTF-8"?>
<testng-results ignored="0" total="1" passed="1" failed="0" skipped="0">
  <reporter-output>
  </reporter-output>
  <suite started-at="2025-01-03T21:19:28 IST" name="Suite" finished-at="2025-01-03T21:22:28 IST" duration-ms="180138">
    <groups>
    </groups>
    <test started-at="2025-01-03T21:19:28 IST" name="Test" finished-at="2025-01-03T21:22:28 IST" duration-ms="180138">
      <class name="Sample_automation.Red_bus">
        <test-method signature="Bookingbus()[pri:0, instance:Sample_automation.Red_bus@5c90e579]" started-at="2025-01-03T21:19:28 IST" name="Bookingbus" finished-at="2025-01-03T21:22:28 IST" duration-ms="179983" status="PASS">
          <reporter-output>
          </reporter-output>
        </test-method> <!-- Bookingbus -->
      </class> <!-- Sample_automation.Red_bus -->
    </test> <!-- Test -->
  </suite> <!-- Suite -->
</testng-results>
